12012 12012 43
25410 39115 324
39373 85849 351
68159 959 340
97336 26785 351
62564 57240 335
4857 6413 262
52870 15346 340
29636 15842 308
22445 85063 351
45589 49193 314
96783 89050 333
5410 16551 276
64011 84592 351
7871 82059 351
31839 8062 308
10542 10471 193
84455 8478 351
53889 86358 351
79251 91227 333
14605 51739 324
81187 83692 320
40685 46634 314
36417 31870 324
81008 29440 351
73627 75241 325
32608 59916 340
77468 95012 338
61264 6801 340
19143 70005 340
24961 22660 282
13391 79009 351
33457 19408 308
43349 66625 340
80864 30969 351
61886 2485 340
1632 80637 351
96528 22418 351
53401 95478 351
47626 59800 340
93207 77693 338
20542 39135 324
47537 40136 314
47659 7055 324
9430 48948 324
17819 14446 279
78069 14046 351
59669 11827 340
80041 9771 351
52032 97498 351
87743 98087 333
93750 99857 328
20422 15626 279
4000 15695 276
67154 69783 312
81459 89956 333
48173 8638 324
70759 1772 340
38171 29025 324
78608 55165 351
50280 24660 324
62619 48959 340
7056 55613 340
81575 78619 338
86794 8923 351
11069 67724 340
22002 14179 279
39501 86163 351
88562 96998 333
25094 97542 351
17676 75118 340
54674 82120 351
86470 6855 351
80172 30196 351
68243 2298 340
12703 84307 351
9882 40949 324
90364 59181 351
95845 87910 333
37431 78108 351
73384 26342 340
78207 25147 351
18156 21299 274
66968 88030 351
92215 78869 333
95543 75452 351
16730 60834 340
58393 78950 351
35255 9372 311
72416 5691 340
59884 58392 273
80395 54068 351
61697 47835 340
92593 80507 333
49961 25885 324
58586 46233 340
58840 56591 304
43354 80204 351
52962 79000 351
91147 86295 333
